Starting scrape of https://www.storia.ro/ro/rezultate/vanzare/teren/iasi/tomesti/chicerea?ownerTypeSingleSelect=ALL&distanceRadius=5&priceMax=33000&viewType=listing&by=LATEST&direction=DESC
Found 37 listings
Could not parse price from: 12 500 €
Could not parse price from: 11 000 €
Could not parse price from: 20 €
Could not parse price from: 15 €
Could not parse price from: 23 €
Could not parse price from: 21 000 €
Could not parse price from: 80 €
Could not parse price from: 19 900 €
Could not parse price from: 37 €
Could not parse price from: 18 000 €
Could not parse price from: 50 €
Could not parse price from: 16 000 €
Could not parse price from: 18 150 €
Could not parse price from: 25 000 €
Could not parse price from: 32 000 €
Could not parse price from: 27 500 €
Could not parse price from: 16 000 €
Could not parse price from: 28 500 €
Could not parse price from: 18 150 €
Could not parse price from: 25 000 €
Could not parse price from: 32 000 €
Could not parse price from: 27 500 €
Could not parse price from: 30 000 €
Could not parse price from: 20 000 €
Could not parse price from: 24 €
Could not parse price from: 20 000 €
Could not parse price from: 33 000 €
Could not parse price from: 25 000 €
Could not parse price from: 18 500 €
Could not parse price from: 20 000 €
Could not parse price from: 25 000 €
Could not parse price from: 18 500 €
Could not parse price from: 20 000 €
Could not parse price from: 17 500 €
Could not parse price from: 31 000 €
Could not parse price from: 32 €
Could not parse price from: 12 500 €
Starting scrape of https://www.storia.ro/ro/rezultate/vanzare/teren/iasi/tomesti/chicerea?ownerTypeSingleSelect=ALL&distanceRadius=5&priceMax=33000&viewType=listing&by=LATEST&direction=DESC
Found 37 listings
Added new listing 8e8b8eedca910eb9500d55d5948f8c1c
New listing found: Loturi teren intravilan,sat Goruni - com.Tomesti,de vanzare. - 12500 EUR
Error sending email: string indices must be integers, not 'str'
Added new listing 510923b485919d477404e2538986ef5c
New listing found: teren 959 mp zona osoi la strada principala - 11000 EUR
Error sending email: string indices must be integers, not 'str'
Added new listing ddfb3962b982f0e737ecac7afdd328b6
New listing found: Tomesti, Primarie, teren intravilan, intabulat 11000 mp., cu utilitati - 20 EUR
Error sending email: string indices must be integers, not 'str'
Added new listing 084d95818963eed175df78de3c809be2
New listing found: Teren 5300 mp Intravilan in Goruni – Tomesti - 15 EUR
Error sending email: string indices must be integers, not 'str'
Added new listing 38dd3bebc2000c84ac20322b08c41888
New listing found: Teren intravilan 1131 mp, Tomesti iasi, 23 euro mp - 23 EUR
Error sending email: string indices must be integers, not 'str'
Added new listing e8b768aaf45205a36d7d64832b537093
New listing found: Teren Intravilan 1000 mp, utilitati apropiere,Chicerea,Tomesti,0% Comi - 21000 EUR
Error sending email: string indices must be integers, not 'str'
Added new listing a3c4873fbbc3b664155572fb54fb8160
New listing found: Teren intravilan - 80 EUR
Error sending email: string indices must be integers, not 'str'
Added new listing fa0d16fc8bba06592d00b4bd71004ac3
New listing found: Teren Tomesti - Chicerea - 19900 EUR
Error sending email: string indices must be integers, not 'str'
Added new listing 97926f5c9998bbd17845814a1e3a59fc
New listing found: Teren tomesti vale sat la 1 km de sosea langa drum asfaltat utilitati - 37 EUR
Error sending email: string indices must be integers, not 'str'
Added new listing a79cd16d4b45aef07f83b683e89384d2
New listing found: Parcele teren Tomesti deal-INTRAVILAN - 18000 EUR
Error sending email: string indices must be integers, not 'str'
Added new listing 0a2f0fcfc9770399047b429e14cb1a8d
New listing found: Vand teren Tomesti la strada principala cu toate utilitatile - 50 EUR
Error sending email: string indices must be integers, not 'str'
Added new listing 2d2c8aded7328fa581f689319ad072f9
New listing found: Loturi de teren 510mp, langa ASFALT,toate utilitatile,intrare Chicerea - 16000 EUR
Error sending email: string indices must be integers, not 'str'
Added new listing eadad6e72d00aafd87b2bc2b02d13e71
New listing found: Loturi de teren 955mp, cu priveliste, la ASFALT, Tomesti-Chicerea - 18150 EUR
Error sending email: string indices must be integers, not 'str'
Added new listing 42bd7b449c5cde5ab7cd5434ef8d0fcf
New listing found: Teren 1150mp, la ASFALT, toate utilitatile, Tomesti-Chicerea - 25000 EUR
Error sending email: string indices must be integers, not 'str'
Added new listing 87624f3c0b04d3338fd5dede6809290f
New listing found: Teren 400mp, langa strada principala Tomesti, toate utilitatile - 32000 EUR
Error sending email: string indices must be integers, not 'str'
Added new listing 70292fc2e4e6f7b3529214304635285a
New listing found: Teren 755 mp, intre case, cu toate utilitatile, Vladiceni (Tomesti) - 27500 EUR
Error sending email: string indices must be integers, not 'str'
Added new listing f8acc1fbac757c2cb7cc666bcccf8edd
New listing found: Loturi de teren 510mp, langa ASFALT,toate utilitatile,intrare Chicerea - 16000 EUR
Error sending email: string indices must be integers, not 'str'
Added new listing ab2ec98e23941e89482c0d42e2b45a33
New listing found: Loturi de teren 1500mp, cu priveliste, la ASFALT, Tomesti-Chicerea - 28500 EUR
Error sending email: string indices must be integers, not 'str'
Added new listing db4d4d09a0e90c767a78537baa655862
New listing found: Loturi de teren 955mp, cu priveliste, la ASFALT, Tomesti-Chicerea - 18150 EUR
Error sending email: string indices must be integers, not 'str'
Added new listing da509bc5b12b584a3bf2454b9493e661
New listing found: Teren 1150mp, la ASFALT, toate utilitatile, Tomesti-Chicerea - 25000 EUR
Error sending email: string indices must be integers, not 'str'
Added new listing 597f669942a82df20d9ca18b5fa58d1a
New listing found: Teren 400mp, langa strada principala Tomesti, toate utilitatile - 32000 EUR
Error sending email: string indices must be integers, not 'str'
Added new listing 8be34a3c80ea7e8ba0be06df24172313
New listing found: Teren 755 mp, intre case, cu toate utilitatile, Vladiceni (Tomesti) - 27500 EUR
Error sending email: string indices must be integers, not 'str'
Added new listing 4e9cab21af8ef448ef78036d4e481596
New listing found: Teren 750 mp, la ASFALT, toate utilitatile, Tomesti - Chicerea - 30000 EUR
Error sending email: string indices must be integers, not 'str'
Added new listing 0df8b48ffb2747e02f171849f73be555
New listing found: Teren 450 mp, cu toate utilitatile, Tomesti - 20000 EUR
Error sending email: string indices must be integers, not 'str'
Added new listing 1d45cba0f9252720a3ee4895234c51a8
New listing found: Teren pentru casa - 24 EUR
Error sending email: string indices must be integers, not 'str'
Added new listing d3cbb12e497e11f00b1105b4b96d538a
New listing found: Teren 450 mp, cu toate utilitatile, Tomesti - 20000 EUR
Error sending email: string indices must be integers, not 'str'
Added new listing 11175c2b55151f654c7a29f333281dee
New listing found: Teren INTRAVILAN 1200mp, asfalt+toate utilitatile, Tomesti-Chicerea - 33000 EUR
Error sending email: string indices must be integers, not 'str'
Added new listing af7f76080f2f16b8c352cfae206934d6
New listing found: Parcele de teren 500 mp, Tomesti, in spate la Primarie - 25000 EUR
Error sending email: string indices must be integers, not 'str'
Added new listing c491d17a145c395cec9e814157ee00a6
New listing found: Teren de vanzare 451 mp Tomesti vale, toate utilitatile - 18500 EUR
Error sending email: string indices must be integers, not 'str'
Added new listing 98e9ac6c66217c03cf2707a594e69d48
New listing found: Teren 500 mp, la ASFALT, toate utilitatile, Tomesti - Chicerea - 20000 EUR
Error sending email: string indices must be integers, not 'str'
Added new listing 7a7d4de7652644ba7da9458954617215
New listing found: Parcele de teren 500 mp, Tomesti, in spate la Primarie - 25000 EUR
Error sending email: string indices must be integers, not 'str'
Added new listing 989f15759232fdd2f6efc4214c5201e9
New listing found: Teren de vanzare 451 mp Tomesti vale, toate utilitatile - 18500 EUR
Error sending email: string indices must be integers, not 'str'
Added new listing b6a01b876c04b2146c8018cebe70be39
New listing found: Teren 500 mp, la ASFALT, toate utilitatile, Tomesti - Chicerea - 20000 EUR
Error sending email: string indices must be integers, not 'str'
Added new listing ad23d352fa09bc01d2c0a73364d8d669
New listing found: Teren intravilan Tomesti - 17500 EUR
Error sending email: string indices must be integers, not 'str'
Added new listing f723b6568cb2ce49ecabbf4ccfcfcbe0
New listing found: 31.000 eur Teren 986 mp TOMESTI-CHICEREA intravilan utilitati 3 loturi - 31000 EUR
Error sending email: string indices must be integers, not 'str'
Added new listing 2ea35b757c9bdd6649a1b0a46eebcbbd
New listing found: Teren intravilan Tomesti - 32 EUR
Error sending email: string indices must be integers, not 'str'
Added new listing a3b854497303d2e4a6895e1c56161b0a
New listing found: Loturi teren intravilan,sat Goruni - com.Tomesti,de vanzare. - 12500 EUR
Error sending email: string indices must be integers, not 'str'
Starting scrape of https://www.storia.ro/ro/rezultate/vanzare/teren/iasi/tomesti/chicerea?ownerTypeSingleSelect=ALL&distanceRadius=5&priceMax=33000&viewType=listing&by=LATEST&direction=DESC
Found 37 listings

=== Starting Storia Scraper ===
URL: https://www.storia.ro/ro/rezultate/vanzare/teren/iasi/tomesti/chicerea?ownerTypeSingleSelect=ALL&distanceRadius=5&priceMax=33000&viewType=listing&by=LATEST&direction=DESC
Added new listing 9693923a5cf1274b5288d8fa581de557cd1ca3c37ce1857d99031155d0bb4fda
✓ Listing #1: Loturi teren intravilan,sat Goruni - com.Tomesti,de vanzare.
Added new listing 35e31cbca09af6bc101861e4a5f2e27d73d6a50fb408803db1548e8b352588ce
✓ Listing #2: teren 959 mp zona osoi la strada principala
Added new listing 23eefbaae6ef89bd870e638bce7272247a5a176cea984932dcebdf15670a2573
✓ Listing #3: Tomesti, Primarie, teren intravilan, intabulat 11000 mp., cu utilitati
Added new listing 8b10edf967763e7d65eb18a66cfa55fc2b39ed99c14199c8678d448191080396
✓ Listing #4: Teren 5300 mp Intravilan in Goruni – Tomesti
Added new listing 57a03a2de6124862aca5b69fa1fc7388d2ce1400cf57e3b86cb756d93e1010a3
✓ Listing #5: Teren intravilan 1131 mp, Tomesti iasi, 23 euro mp
Added new listing 865bbfa7b12e31e93083c601ccb2bbc2b089335c89fe8105aa85f234acc678f3
✓ Listing #6: Teren Intravilan 1000 mp, utilitati apropiere,Chicerea,Tomesti,0% Comi
Added new listing ea857f911a70d865a6fc36d454af6d8af5f51a5ef9227b596dfec604e7a0f361
✓ Listing #7: Teren intravilan
Added new listing 94609fc85190cfdfb4d2720aff02fcd38fbc61ef1bd5e99984412c634dce7155
✓ Listing #8: Teren Tomesti - Chicerea
Added new listing ad59a143c0fa7fb0f4f40a2c90ab405cfefa5e96d99f4336e1f1a98a9a5b7368
✓ Listing #9: Teren tomesti vale sat la 1 km de sosea langa drum asfaltat utilitati
Added new listing 42828c1c7ffd0cedc4eb81ffa1f657a4e2e92d140fd4a85e9e87bd46125325a3
✓ Listing #10: Parcele teren Tomesti deal-INTRAVILAN
Added new listing 9032788339f532e6dc92ad405f00232c4f0fa9a8f744193dab178afb4082c1db
✓ Listing #11: Vand teren Tomesti la strada principala cu toate utilitatile
Added new listing 4d1c1fee8d083288b2f535d41559a3d90106ce10ecfe8cc7e529a97a086d2710
✓ Listing #12: Loturi de teren 510mp, langa ASFALT,toate utilitatile,intrare Chicerea
Added new listing 3e9bfbdbaa356206e33840557db5d6ac3a6849bf34ae1574db94c84d98b5a547
✓ Listing #13: Loturi de teren 955mp, cu priveliste, la ASFALT, Tomesti-Chicerea
Added new listing 4c9bb254b3f8a76882efc9c24e2fcb474be69e4999fbea1bcb61e508c918edf0
✓ Listing #14: Teren 1150mp, la ASFALT, toate utilitatile, Tomesti-Chicerea
Added new listing 7285959554f3e1fae36e7326f80f3fcde8a22a256beb6371c5069f995b133ad0
✓ Listing #15: Teren 400mp, langa strada principala Tomesti, toate utilitatile
Added new listing 07c3a7afb3797ca917417e4d60e92c53ba8a1772119694e8f4048ddc509a85f8
✓ Listing #16: Teren 755 mp, intre case, cu toate utilitatile, Vladiceni (Tomesti)
Added new listing 59f9fa5213b30c058ebbd8bde933a511aad23ab845b9a8d66b46bf839d1d2cdb
✓ Listing #17: Loturi de teren 510mp, langa ASFALT,toate utilitatile,intrare Chicerea
Added new listing c2e1cc7e25305bca00b399941609c00f9c29ed8660de691f405b00161315522c
✓ Listing #18: Loturi de teren 1500mp, cu priveliste, la ASFALT, Tomesti-Chicerea
Added new listing 5ff5e91dd302ded4ded9befd08b23e5008dfe3c392f881c16bfe50a409a9d476
✓ Listing #19: Loturi de teren 955mp, cu priveliste, la ASFALT, Tomesti-Chicerea
Added new listing d658f2f4b8a8e129d77bf11d677bd8e01d483280624ff940afda3a16a4e14040
✓ Listing #20: Teren 1150mp, la ASFALT, toate utilitatile, Tomesti-Chicerea
Added new listing 8ae043a8da1d93756ded515713f3204240b3842813087b58c5c9409751e3e4c5
✓ Listing #21: Teren 400mp, langa strada principala Tomesti, toate utilitatile
Added new listing 7c5e419561e06ed722072171c1b372ea58c8130e72ea2e187d04389c9e508b8b
✓ Listing #22: Teren 755 mp, intre case, cu toate utilitatile, Vladiceni (Tomesti)
Added new listing 81eb101db9530e2ef4e35957e222e628148b34ff9ce64965522f6bee387f38fc
✓ Listing #23: Teren 750 mp, la ASFALT, toate utilitatile, Tomesti - Chicerea
Added new listing 94390d86e893c74ddf22254c4cf2e28a338386446cb788496b55aa215e947af9
✓ Listing #24: Teren 450 mp, cu toate utilitatile, Tomesti
Added new listing 3adb8c5c33ff11e954f745dae1444c440997197c261ced07f767667b5d2243c7
✓ Listing #25: Teren pentru casa
Added new listing 37a082b136d188ce397055f8dfd6350aa689cbac5be3532ce3adfb0a377ed615
✓ Listing #26: Teren 450 mp, cu toate utilitatile, Tomesti
Added new listing 66bd4da74f6589dab4e02bd15e9d1be6d4a7ea0c1b16b06aed16c158131655cf
✓ Listing #27: Teren INTRAVILAN 1200mp, asfalt+toate utilitatile, Tomesti-Chicerea
Added new listing a83b035e057971d4dd9ca4c3e257e5d15da464eedab53cf7be3b36e725b97be3
✓ Listing #28: Parcele de teren 500 mp, Tomesti, in spate la Primarie
Added new listing 5fe4bfbf679f4b16b75877a317f279c5e4cd8599071c402f56e612066b8d32d8
✓ Listing #29: Teren de vanzare 451 mp Tomesti vale, toate utilitatile
Added new listing 0a6b007f8a5eaf26ec138bda41253b29e23144afca9549e3f0436f4937b6a227
✓ Listing #30: Teren 500 mp, la ASFALT, toate utilitatile, Tomesti - Chicerea
Added new listing 7d4cf9331f5a18cb33522c9976be6ee08c8dae7d478da833658c800d85fdf5ed
✓ Listing #31: Parcele de teren 500 mp, Tomesti, in spate la Primarie
Added new listing f05ac730cfa9bfccb5d055c993f6e16f954286f21581e3785c3187f847a05eaf
✓ Listing #32: Teren de vanzare 451 mp Tomesti vale, toate utilitatile
Added new listing ef88a38fd183418b297b2ddbbe686c5f0fd3c529e9d16e9870b3eab946c8c719
✓ Listing #33: Teren 500 mp, la ASFALT, toate utilitatile, Tomesti - Chicerea
Added new listing 0b2513573a8ca15c91ca3b86673e1e27f737b7499d15b5cf5c5063293203a453
✓ Listing #34: Teren intravilan Tomesti
Added new listing 44877461e6548ba6c013819a25b69fbcf1dc84bc0041beb67f5e691edaae675b
✓ Listing #35: 31.000 eur Teren 986 mp TOMESTI-CHICEREA intravilan utilitati 3 loturi
Added new listing efe817b5c2199c8b30295228eb07a1030e7ef19c857e0db01355f5a390f560cb
✓ Listing #36: Teren intravilan Tomesti
Added new listing 57e7b29810ffd7c24fff82d37f799bb492701fe5453e237158b5f18efdb817a6
✓ Listing #37: Loturi teren intravilan,sat Goruni - com.Tomesti,de vanzare.

Summary:
Total listings found: 37
New or updated: 37
✓ Email sent successfully
✓ Email sent successfully
✓ Email sent successfully
✓ Email sent successfully
✓ Email sent successfully
✓ Email sent successfully
✓ Email sent successfully
✓ Email sent successfully
✓ Email sent successfully
✓ Email sent successfully
✓ Email sent successfully
✓ Email sent successfully

=== Starting Storia Scraper ===
URL: https://www.storia.ro/ro/rezultate/vanzare/teren/iasi/tomesti/chicerea?ownerTypeSingleSelect=ALL&distanceRadius=5&priceMax=33000&viewType=listing&by=LATEST&direction=DESC
Added new listing 9693923a5cf1274b5288d8fa581de557cd1ca3c37ce1857d99031155d0bb4fda
✓ Listing #1: Loturi teren intravilan,sat Goruni - com.Tomesti,de vanzare.
Added new listing 35e31cbca09af6bc101861e4a5f2e27d73d6a50fb408803db1548e8b352588ce
✓ Listing #2: teren 959 mp zona osoi la strada principala
Added new listing 23eefbaae6ef89bd870e638bce7272247a5a176cea984932dcebdf15670a2573
✓ Listing #3: Tomesti, Primarie, teren intravilan, intabulat 11000 mp., cu utilitati
Added new listing 8b10edf967763e7d65eb18a66cfa55fc2b39ed99c14199c8678d448191080396
✓ Listing #4: Teren 5300 mp Intravilan in Goruni – Tomesti
Added new listing 57a03a2de6124862aca5b69fa1fc7388d2ce1400cf57e3b86cb756d93e1010a3
✓ Listing #5: Teren intravilan 1131 mp, Tomesti iasi, 23 euro mp
Added new listing 865bbfa7b12e31e93083c601ccb2bbc2b089335c89fe8105aa85f234acc678f3
✓ Listing #6: Teren Intravilan 1000 mp, utilitati apropiere,Chicerea,Tomesti,0% Comi
Added new listing ea857f911a70d865a6fc36d454af6d8af5f51a5ef9227b596dfec604e7a0f361
✓ Listing #7: Teren intravilan
Added new listing 94609fc85190cfdfb4d2720aff02fcd38fbc61ef1bd5e99984412c634dce7155
✓ Listing #8: Teren Tomesti - Chicerea
Added new listing ad59a143c0fa7fb0f4f40a2c90ab405cfefa5e96d99f4336e1f1a98a9a5b7368
✓ Listing #9: Teren tomesti vale sat la 1 km de sosea langa drum asfaltat utilitati
Added new listing 42828c1c7ffd0cedc4eb81ffa1f657a4e2e92d140fd4a85e9e87bd46125325a3
✓ Listing #10: Parcele teren Tomesti deal-INTRAVILAN
Added new listing 9032788339f532e6dc92ad405f00232c4f0fa9a8f744193dab178afb4082c1db
✓ Listing #11: Vand teren Tomesti la strada principala cu toate utilitatile
Added new listing 4d1c1fee8d083288b2f535d41559a3d90106ce10ecfe8cc7e529a97a086d2710
✓ Listing #12: Loturi de teren 510mp, langa ASFALT,toate utilitatile,intrare Chicerea
Added new listing 3e9bfbdbaa356206e33840557db5d6ac3a6849bf34ae1574db94c84d98b5a547
✓ Listing #13: Loturi de teren 955mp, cu priveliste, la ASFALT, Tomesti-Chicerea
Added new listing 4c9bb254b3f8a76882efc9c24e2fcb474be69e4999fbea1bcb61e508c918edf0
✓ Listing #14: Teren 1150mp, la ASFALT, toate utilitatile, Tomesti-Chicerea
Added new listing 7285959554f3e1fae36e7326f80f3fcde8a22a256beb6371c5069f995b133ad0
✓ Listing #15: Teren 400mp, langa strada principala Tomesti, toate utilitatile
Added new listing 07c3a7afb3797ca917417e4d60e92c53ba8a1772119694e8f4048ddc509a85f8
✓ Listing #16: Teren 755 mp, intre case, cu toate utilitatile, Vladiceni (Tomesti)
Added new listing 59f9fa5213b30c058ebbd8bde933a511aad23ab845b9a8d66b46bf839d1d2cdb
✓ Listing #17: Loturi de teren 510mp, langa ASFALT,toate utilitatile,intrare Chicerea
Added new listing c2e1cc7e25305bca00b399941609c00f9c29ed8660de691f405b00161315522c
✓ Listing #18: Loturi de teren 1500mp, cu priveliste, la ASFALT, Tomesti-Chicerea
Added new listing 5ff5e91dd302ded4ded9befd08b23e5008dfe3c392f881c16bfe50a409a9d476
✓ Listing #19: Loturi de teren 955mp, cu priveliste, la ASFALT, Tomesti-Chicerea
Added new listing d658f2f4b8a8e129d77bf11d677bd8e01d483280624ff940afda3a16a4e14040
✓ Listing #20: Teren 1150mp, la ASFALT, toate utilitatile, Tomesti-Chicerea
Added new listing 8ae043a8da1d93756ded515713f3204240b3842813087b58c5c9409751e3e4c5
✓ Listing #21: Teren 400mp, langa strada principala Tomesti, toate utilitatile
Added new listing 7c5e419561e06ed722072171c1b372ea58c8130e72ea2e187d04389c9e508b8b
✓ Listing #22: Teren 755 mp, intre case, cu toate utilitatile, Vladiceni (Tomesti)
Added new listing 81eb101db9530e2ef4e35957e222e628148b34ff9ce64965522f6bee387f38fc
✓ Listing #23: Teren 750 mp, la ASFALT, toate utilitatile, Tomesti - Chicerea
Added new listing 94390d86e893c74ddf22254c4cf2e28a338386446cb788496b55aa215e947af9
✓ Listing #24: Teren 450 mp, cu toate utilitatile, Tomesti
Added new listing 3adb8c5c33ff11e954f745dae1444c440997197c261ced07f767667b5d2243c7
✓ Listing #25: Teren pentru casa
Added new listing 37a082b136d188ce397055f8dfd6350aa689cbac5be3532ce3adfb0a377ed615
✓ Listing #26: Teren 450 mp, cu toate utilitatile, Tomesti
Added new listing 66bd4da74f6589dab4e02bd15e9d1be6d4a7ea0c1b16b06aed16c158131655cf
✓ Listing #27: Teren INTRAVILAN 1200mp, asfalt+toate utilitatile, Tomesti-Chicerea
Added new listing a83b035e057971d4dd9ca4c3e257e5d15da464eedab53cf7be3b36e725b97be3
✓ Listing #28: Parcele de teren 500 mp, Tomesti, in spate la Primarie
Added new listing 5fe4bfbf679f4b16b75877a317f279c5e4cd8599071c402f56e612066b8d32d8
✓ Listing #29: Teren de vanzare 451 mp Tomesti vale, toate utilitatile
Added new listing 0a6b007f8a5eaf26ec138bda41253b29e23144afca9549e3f0436f4937b6a227
✓ Listing #30: Teren 500 mp, la ASFALT, toate utilitatile, Tomesti - Chicerea
Added new listing 7d4cf9331f5a18cb33522c9976be6ee08c8dae7d478da833658c800d85fdf5ed
✓ Listing #31: Parcele de teren 500 mp, Tomesti, in spate la Primarie
Added new listing f05ac730cfa9bfccb5d055c993f6e16f954286f21581e3785c3187f847a05eaf
✓ Listing #32: Teren de vanzare 451 mp Tomesti vale, toate utilitatile
Added new listing ef88a38fd183418b297b2ddbbe686c5f0fd3c529e9d16e9870b3eab946c8c719
✓ Listing #33: Teren 500 mp, la ASFALT, toate utilitatile, Tomesti - Chicerea
Added new listing 0b2513573a8ca15c91ca3b86673e1e27f737b7499d15b5cf5c5063293203a453
✓ Listing #34: Teren intravilan Tomesti
Added new listing 44877461e6548ba6c013819a25b69fbcf1dc84bc0041beb67f5e691edaae675b
✓ Listing #35: 31.000 eur Teren 986 mp TOMESTI-CHICEREA intravilan utilitati 3 loturi
Added new listing efe817b5c2199c8b30295228eb07a1030e7ef19c857e0db01355f5a390f560cb
✓ Listing #36: Teren intravilan Tomesti
Added new listing 57e7b29810ffd7c24fff82d37f799bb492701fe5453e237158b5f18efdb817a6
✓ Listing #37: Loturi teren intravilan,sat Goruni - com.Tomesti,de vanzare.

Summary:
Total listings found: 37
New or updated: 37

No new listings found

=== Starting Storia Scraper ===
URL: https://www.storia.ro/ro/rezultate/vanzare/teren/iasi/tomesti/chicerea?ownerTypeSingleSelect=ALL&distanceRadius=5&priceMax=33000&viewType=listing&by=LATEST&direction=DESC
Added new listing 9693923a5cf1274b5288d8fa581de557cd1ca3c37ce1857d99031155d0bb4fda
✓ Listing #1: Loturi teren intravilan,sat Goruni - com.Tomesti,de vanzare.
Added new listing 35e31cbca09af6bc101861e4a5f2e27d73d6a50fb408803db1548e8b352588ce
✓ Listing #2: teren 959 mp zona osoi la strada principala
Added new listing 23eefbaae6ef89bd870e638bce7272247a5a176cea984932dcebdf15670a2573
✓ Listing #3: Tomesti, Primarie, teren intravilan, intabulat 11000 mp., cu utilitati
Added new listing 8b10edf967763e7d65eb18a66cfa55fc2b39ed99c14199c8678d448191080396
✓ Listing #4: Teren 5300 mp Intravilan in Goruni – Tomesti
Added new listing 57a03a2de6124862aca5b69fa1fc7388d2ce1400cf57e3b86cb756d93e1010a3
✓ Listing #5: Teren intravilan 1131 mp, Tomesti iasi, 23 euro mp
Added new listing 865bbfa7b12e31e93083c601ccb2bbc2b089335c89fe8105aa85f234acc678f3
✓ Listing #6: Teren Intravilan 1000 mp, utilitati apropiere,Chicerea,Tomesti,0% Comi
Added new listing ea857f911a70d865a6fc36d454af6d8af5f51a5ef9227b596dfec604e7a0f361
✓ Listing #7: Teren intravilan
Added new listing 94609fc85190cfdfb4d2720aff02fcd38fbc61ef1bd5e99984412c634dce7155
✓ Listing #8: Teren Tomesti - Chicerea
Added new listing ad59a143c0fa7fb0f4f40a2c90ab405cfefa5e96d99f4336e1f1a98a9a5b7368
✓ Listing #9: Teren tomesti vale sat la 1 km de sosea langa drum asfaltat utilitati
Added new listing 42828c1c7ffd0cedc4eb81ffa1f657a4e2e92d140fd4a85e9e87bd46125325a3
✓ Listing #10: Parcele teren Tomesti deal-INTRAVILAN
Added new listing 9032788339f532e6dc92ad405f00232c4f0fa9a8f744193dab178afb4082c1db
✓ Listing #11: Vand teren Tomesti la strada principala cu toate utilitatile
Added new listing 4d1c1fee8d083288b2f535d41559a3d90106ce10ecfe8cc7e529a97a086d2710
✓ Listing #12: Loturi de teren 510mp, langa ASFALT,toate utilitatile,intrare Chicerea
Added new listing 3e9bfbdbaa356206e33840557db5d6ac3a6849bf34ae1574db94c84d98b5a547
✓ Listing #13: Loturi de teren 955mp, cu priveliste, la ASFALT, Tomesti-Chicerea
Added new listing 4c9bb254b3f8a76882efc9c24e2fcb474be69e4999fbea1bcb61e508c918edf0
✓ Listing #14: Teren 1150mp, la ASFALT, toate utilitatile, Tomesti-Chicerea
Added new listing 7285959554f3e1fae36e7326f80f3fcde8a22a256beb6371c5069f995b133ad0
✓ Listing #15: Teren 400mp, langa strada principala Tomesti, toate utilitatile
Added new listing 07c3a7afb3797ca917417e4d60e92c53ba8a1772119694e8f4048ddc509a85f8
✓ Listing #16: Teren 755 mp, intre case, cu toate utilitatile, Vladiceni (Tomesti)
Added new listing 59f9fa5213b30c058ebbd8bde933a511aad23ab845b9a8d66b46bf839d1d2cdb
✓ Listing #17: Loturi de teren 510mp, langa ASFALT,toate utilitatile,intrare Chicerea
Added new listing c2e1cc7e25305bca00b399941609c00f9c29ed8660de691f405b00161315522c
✓ Listing #18: Loturi de teren 1500mp, cu priveliste, la ASFALT, Tomesti-Chicerea
Added new listing 5ff5e91dd302ded4ded9befd08b23e5008dfe3c392f881c16bfe50a409a9d476
✓ Listing #19: Loturi de teren 955mp, cu priveliste, la ASFALT, Tomesti-Chicerea
Added new listing d658f2f4b8a8e129d77bf11d677bd8e01d483280624ff940afda3a16a4e14040
✓ Listing #20: Teren 1150mp, la ASFALT, toate utilitatile, Tomesti-Chicerea
Added new listing 8ae043a8da1d93756ded515713f3204240b3842813087b58c5c9409751e3e4c5
✓ Listing #21: Teren 400mp, langa strada principala Tomesti, toate utilitatile
Added new listing 7c5e419561e06ed722072171c1b372ea58c8130e72ea2e187d04389c9e508b8b
✓ Listing #22: Teren 755 mp, intre case, cu toate utilitatile, Vladiceni (Tomesti)
Added new listing 81eb101db9530e2ef4e35957e222e628148b34ff9ce64965522f6bee387f38fc
✓ Listing #23: Teren 750 mp, la ASFALT, toate utilitatile, Tomesti - Chicerea
Added new listing 94390d86e893c74ddf22254c4cf2e28a338386446cb788496b55aa215e947af9
✓ Listing #24: Teren 450 mp, cu toate utilitatile, Tomesti
Added new listing 3adb8c5c33ff11e954f745dae1444c440997197c261ced07f767667b5d2243c7
✓ Listing #25: Teren pentru casa
Added new listing 37a082b136d188ce397055f8dfd6350aa689cbac5be3532ce3adfb0a377ed615
✓ Listing #26: Teren 450 mp, cu toate utilitatile, Tomesti
Added new listing 66bd4da74f6589dab4e02bd15e9d1be6d4a7ea0c1b16b06aed16c158131655cf
✓ Listing #27: Teren INTRAVILAN 1200mp, asfalt+toate utilitatile, Tomesti-Chicerea
Added new listing a83b035e057971d4dd9ca4c3e257e5d15da464eedab53cf7be3b36e725b97be3
✓ Listing #28: Parcele de teren 500 mp, Tomesti, in spate la Primarie
Added new listing 5fe4bfbf679f4b16b75877a317f279c5e4cd8599071c402f56e612066b8d32d8
✓ Listing #29: Teren de vanzare 451 mp Tomesti vale, toate utilitatile
Added new listing 0a6b007f8a5eaf26ec138bda41253b29e23144afca9549e3f0436f4937b6a227
✓ Listing #30: Teren 500 mp, la ASFALT, toate utilitatile, Tomesti - Chicerea
Added new listing 7d4cf9331f5a18cb33522c9976be6ee08c8dae7d478da833658c800d85fdf5ed
✓ Listing #31: Parcele de teren 500 mp, Tomesti, in spate la Primarie
Added new listing f05ac730cfa9bfccb5d055c993f6e16f954286f21581e3785c3187f847a05eaf
✓ Listing #32: Teren de vanzare 451 mp Tomesti vale, toate utilitatile
Added new listing ef88a38fd183418b297b2ddbbe686c5f0fd3c529e9d16e9870b3eab946c8c719
✓ Listing #33: Teren 500 mp, la ASFALT, toate utilitatile, Tomesti - Chicerea
Added new listing 0b2513573a8ca15c91ca3b86673e1e27f737b7499d15b5cf5c5063293203a453
✓ Listing #34: Teren intravilan Tomesti
Added new listing 44877461e6548ba6c013819a25b69fbcf1dc84bc0041beb67f5e691edaae675b
✓ Listing #35: 31.000 eur Teren 986 mp TOMESTI-CHICEREA intravilan utilitati 3 loturi
Added new listing efe817b5c2199c8b30295228eb07a1030e7ef19c857e0db01355f5a390f560cb
✓ Listing #36: Teren intravilan Tomesti
Added new listing 57e7b29810ffd7c24fff82d37f799bb492701fe5453e237158b5f18efdb817a6
✓ Listing #37: Loturi teren intravilan,sat Goruni - com.Tomesti,de vanzare.

Summary:
Total listings found: 37
New or updated: 37

No new listings found

=== Starting Storia Scraper ===
URL: https://www.storia.ro/ro/rezultate/vanzare/teren/iasi/tomesti/chicerea?ownerTypeSingleSelect=ALL&distanceRadius=5&priceMax=33000&viewType=listing&by=LATEST&direction=DESC

Summary:
Total listings found: 37
New or updated: 0

No new or updated listings found

=== Starting Storia Scraper ===
URL: https://www.storia.ro/ro/rezultate/vanzare/teren/iasi/tomesti/chicerea?ownerTypeSingleSelect=ALL&distanceRadius=5&priceMax=33000&viewType=listing&by=LATEST&direction=DESC
Added new listing 7c5e419561e06ed722072171c1b372ea58c8130e72ea2e187d04389c9e508b8b
✓ Listing #22: Teren 755 mp, intre case, cu toate utilitatile, Vladiceni (Tomesti)
Added new listing 81eb101db9530e2ef4e35957e222e628148b34ff9ce64965522f6bee387f38fc
✓ Listing #23: Teren 750 mp, la ASFALT, toate utilitatile, Tomesti - Chicerea
Added new listing 94390d86e893c74ddf22254c4cf2e28a338386446cb788496b55aa215e947af9
✓ Listing #24: Teren 450 mp, cu toate utilitatile, Tomesti
Added new listing 3adb8c5c33ff11e954f745dae1444c440997197c261ced07f767667b5d2243c7
✓ Listing #25: Teren pentru casa
Added new listing 37a082b136d188ce397055f8dfd6350aa689cbac5be3532ce3adfb0a377ed615
✓ Listing #26: Teren 450 mp, cu toate utilitatile, Tomesti
Added new listing 66bd4da74f6589dab4e02bd15e9d1be6d4a7ea0c1b16b06aed16c158131655cf
✓ Listing #27: Teren INTRAVILAN 1200mp, asfalt+toate utilitatile, Tomesti-Chicerea
Added new listing a83b035e057971d4dd9ca4c3e257e5d15da464eedab53cf7be3b36e725b97be3
✓ Listing #28: Parcele de teren 500 mp, Tomesti, in spate la Primarie
Added new listing 5fe4bfbf679f4b16b75877a317f279c5e4cd8599071c402f56e612066b8d32d8
✓ Listing #29: Teren de vanzare 451 mp Tomesti vale, toate utilitatile
Added new listing 0a6b007f8a5eaf26ec138bda41253b29e23144afca9549e3f0436f4937b6a227
✓ Listing #30: Teren 500 mp, la ASFALT, toate utilitatile, Tomesti - Chicerea
Added new listing 7d4cf9331f5a18cb33522c9976be6ee08c8dae7d478da833658c800d85fdf5ed
✓ Listing #31: Parcele de teren 500 mp, Tomesti, in spate la Primarie
Added new listing f05ac730cfa9bfccb5d055c993f6e16f954286f21581e3785c3187f847a05eaf
✓ Listing #32: Teren de vanzare 451 mp Tomesti vale, toate utilitatile
Added new listing ef88a38fd183418b297b2ddbbe686c5f0fd3c529e9d16e9870b3eab946c8c719
✓ Listing #33: Teren 500 mp, la ASFALT, toate utilitatile, Tomesti - Chicerea
Added new listing 0b2513573a8ca15c91ca3b86673e1e27f737b7499d15b5cf5c5063293203a453
✓ Listing #34: Teren intravilan Tomesti
Added new listing 44877461e6548ba6c013819a25b69fbcf1dc84bc0041beb67f5e691edaae675b
✓ Listing #35: 31.000 eur Teren 986 mp TOMESTI-CHICEREA intravilan utilitati 3 loturi
Added new listing efe817b5c2199c8b30295228eb07a1030e7ef19c857e0db01355f5a390f560cb
✓ Listing #36: Teren intravilan Tomesti
Added new listing 57e7b29810ffd7c24fff82d37f799bb492701fe5453e237158b5f18efdb817a6
✓ Listing #37: Loturi teren intravilan,sat Goruni - com.Tomesti,de vanzare.

Summary:
Total listings found: 37
New or updated: 16

No new listings found

=== Starting Storia Scraper ===
URL: https://www.storia.ro/ro/rezultate/vanzare/teren/iasi/tomesti/chicerea?ownerTypeSingleSelect=ALL&distanceRadius=5&priceMax=33000&viewType=listing&by=LATEST&direction=DESC
Added new listing 7285959554f3e1fae36e7326f80f3fcde8a22a256beb6371c5069f995b133ad0
✓ Listing #15: Teren 400mp, langa strada principala Tomesti, toate utilitatile
Added new listing 07c3a7afb3797ca917417e4d60e92c53ba8a1772119694e8f4048ddc509a85f8
✓ Listing #16: Teren 755 mp, intre case, cu toate utilitatile, Vladiceni (Tomesti)
Added new listing 59f9fa5213b30c058ebbd8bde933a511aad23ab845b9a8d66b46bf839d1d2cdb
✓ Listing #17: Loturi de teren 510mp, langa ASFALT,toate utilitatile,intrare Chicerea
Added new listing c2e1cc7e25305bca00b399941609c00f9c29ed8660de691f405b00161315522c
✓ Listing #18: Loturi de teren 1500mp, cu priveliste, la ASFALT, Tomesti-Chicerea
Added new listing 5ff5e91dd302ded4ded9befd08b23e5008dfe3c392f881c16bfe50a409a9d476
✓ Listing #19: Loturi de teren 955mp, cu priveliste, la ASFALT, Tomesti-Chicerea
Added new listing d658f2f4b8a8e129d77bf11d677bd8e01d483280624ff940afda3a16a4e14040
✓ Listing #20: Teren 1150mp, la ASFALT, toate utilitatile, Tomesti-Chicerea
Added new listing 8ae043a8da1d93756ded515713f3204240b3842813087b58c5c9409751e3e4c5
✓ Listing #21: Teren 400mp, langa strada principala Tomesti, toate utilitatile
Added new listing 7c5e419561e06ed722072171c1b372ea58c8130e72ea2e187d04389c9e508b8b
✓ Listing #22: Teren 755 mp, intre case, cu toate utilitatile, Vladiceni (Tomesti)
Added new listing 81eb101db9530e2ef4e35957e222e628148b34ff9ce64965522f6bee387f38fc
✓ Listing #23: Teren 750 mp, la ASFALT, toate utilitatile, Tomesti - Chicerea
Added new listing 94390d86e893c74ddf22254c4cf2e28a338386446cb788496b55aa215e947af9
✓ Listing #24: Teren 450 mp, cu toate utilitatile, Tomesti
Added new listing 3adb8c5c33ff11e954f745dae1444c440997197c261ced07f767667b5d2243c7
✓ Listing #25: Teren pentru casa
Added new listing 37a082b136d188ce397055f8dfd6350aa689cbac5be3532ce3adfb0a377ed615
✓ Listing #26: Teren 450 mp, cu toate utilitatile, Tomesti
Added new listing 66bd4da74f6589dab4e02bd15e9d1be6d4a7ea0c1b16b06aed16c158131655cf
✓ Listing #27: Teren INTRAVILAN 1200mp, asfalt+toate utilitatile, Tomesti-Chicerea
Added new listing a83b035e057971d4dd9ca4c3e257e5d15da464eedab53cf7be3b36e725b97be3
✓ Listing #28: Parcele de teren 500 mp, Tomesti, in spate la Primarie
Added new listing 5fe4bfbf679f4b16b75877a317f279c5e4cd8599071c402f56e612066b8d32d8
✓ Listing #29: Teren de vanzare 451 mp Tomesti vale, toate utilitatile
Added new listing 0a6b007f8a5eaf26ec138bda41253b29e23144afca9549e3f0436f4937b6a227
✓ Listing #30: Teren 500 mp, la ASFALT, toate utilitatile, Tomesti - Chicerea
Added new listing 7d4cf9331f5a18cb33522c9976be6ee08c8dae7d478da833658c800d85fdf5ed
✓ Listing #31: Parcele de teren 500 mp, Tomesti, in spate la Primarie
Added new listing f05ac730cfa9bfccb5d055c993f6e16f954286f21581e3785c3187f847a05eaf
✓ Listing #32: Teren de vanzare 451 mp Tomesti vale, toate utilitatile
Added new listing ef88a38fd183418b297b2ddbbe686c5f0fd3c529e9d16e9870b3eab946c8c719
✓ Listing #33: Teren 500 mp, la ASFALT, toate utilitatile, Tomesti - Chicerea
Added new listing 0b2513573a8ca15c91ca3b86673e1e27f737b7499d15b5cf5c5063293203a453
✓ Listing #34: Teren intravilan Tomesti
Added new listing 44877461e6548ba6c013819a25b69fbcf1dc84bc0041beb67f5e691edaae675b
✓ Listing #35: 31.000 eur Teren 986 mp TOMESTI-CHICEREA intravilan utilitati 3 loturi
Added new listing efe817b5c2199c8b30295228eb07a1030e7ef19c857e0db01355f5a390f560cb
✓ Listing #36: Teren intravilan Tomesti
Added new listing 57e7b29810ffd7c24fff82d37f799bb492701fe5453e237158b5f18efdb817a6
✓ Listing #37: Loturi teren intravilan,sat Goruni - com.Tomesti,de vanzare.

Summary:
Total listings found: 37
New or updated: 23

No new listings found

=== Starting Storia Scraper ===
URL: https://www.storia.ro/ro/rezultate/vanzare/teren/iasi/tomesti/chicerea?ownerTypeSingleSelect=ALL&distanceRadius=5&priceMax=33000&viewType=listing&by=LATEST&direction=DESC
Added new listing 9693923a5cf1274b5288d8fa581de557cd1ca3c37ce1857d99031155d0bb4fda
✓ Listing #1: Loturi teren intravilan,sat Goruni - com.Tomesti,de vanzare.
Added new listing 35e31cbca09af6bc101861e4a5f2e27d73d6a50fb408803db1548e8b352588ce
✓ Listing #2: teren 959 mp zona osoi la strada principala
Added new listing 23eefbaae6ef89bd870e638bce7272247a5a176cea984932dcebdf15670a2573
✓ Listing #3: Tomesti, Primarie, teren intravilan, intabulat 11000 mp., cu utilitati
Added new listing 8b10edf967763e7d65eb18a66cfa55fc2b39ed99c14199c8678d448191080396
✓ Listing #4: Teren 5300 mp Intravilan in Goruni – Tomesti
Added new listing 57a03a2de6124862aca5b69fa1fc7388d2ce1400cf57e3b86cb756d93e1010a3
✓ Listing #5: Teren intravilan 1131 mp, Tomesti iasi, 23 euro mp
Added new listing 865bbfa7b12e31e93083c601ccb2bbc2b089335c89fe8105aa85f234acc678f3
✓ Listing #6: Teren Intravilan 1000 mp, utilitati apropiere,Chicerea,Tomesti,0% Comi
Added new listing ea857f911a70d865a6fc36d454af6d8af5f51a5ef9227b596dfec604e7a0f361
✓ Listing #7: Teren intravilan
Added new listing 94609fc85190cfdfb4d2720aff02fcd38fbc61ef1bd5e99984412c634dce7155
✓ Listing #8: Teren Tomesti - Chicerea
Added new listing ad59a143c0fa7fb0f4f40a2c90ab405cfefa5e96d99f4336e1f1a98a9a5b7368
✓ Listing #9: Teren tomesti vale sat la 1 km de sosea langa drum asfaltat utilitati
Added new listing 42828c1c7ffd0cedc4eb81ffa1f657a4e2e92d140fd4a85e9e87bd46125325a3
✓ Listing #10: Parcele teren Tomesti deal-INTRAVILAN
Added new listing 9032788339f532e6dc92ad405f00232c4f0fa9a8f744193dab178afb4082c1db
✓ Listing #11: Vand teren Tomesti la strada principala cu toate utilitatile
Added new listing 4d1c1fee8d083288b2f535d41559a3d90106ce10ecfe8cc7e529a97a086d2710
✓ Listing #12: Loturi de teren 510mp, langa ASFALT,toate utilitatile,intrare Chicerea
Added new listing 3e9bfbdbaa356206e33840557db5d6ac3a6849bf34ae1574db94c84d98b5a547
✓ Listing #13: Loturi de teren 955mp, cu priveliste, la ASFALT, Tomesti-Chicerea
Added new listing 4c9bb254b3f8a76882efc9c24e2fcb474be69e4999fbea1bcb61e508c918edf0
✓ Listing #14: Teren 1150mp, la ASFALT, toate utilitatile, Tomesti-Chicerea

Summary:
Total listings found: 37
New or updated: 14

Summary:
Total listings found: 14
New or updated: 0

No new listings found

=== Starting Storia Scraper ===
URL: https://www.storia.ro/ro/rezultate/vanzare/teren/iasi/tomesti/chicerea?ownerTypeSingleSelect=ALL&distanceRadius=5&priceMax=33000&viewType=listing&by=LATEST&direction=DESC
Added new listing 14834e3adcdaf18519770d55cd4d3e40
✓ Listing #1: Loturi teren intravilan,sat Goruni - com.Tomesti,de vanzare.
Added new listing eb56af83c85714643767a6f28c3195d1
✓ Listing #2: teren 959 mp zona osoi la strada principala
Added new listing 9562a2dd6ac094b2b60f611c269271f7
✓ Listing #3: Tomesti, Primarie, teren intravilan, intabulat 11000 mp., cu utilitati
Added new listing 5952788a762868f67a1bbf50aae8673c
✓ Listing #4: Teren 5300 mp Intravilan in Goruni – Tomesti
Added new listing 15fe9918393ce81ef3013822a689e29b
✓ Listing #5: Teren intravilan 1131 mp, Tomesti iasi, 23 euro mp
Added new listing 403c44ca490a2cb775ba42334ab264c1
✓ Listing #6: Teren Intravilan 1000 mp, utilitati apropiere,Chicerea,Tomesti,0% Comi
Added new listing 17f9c484fe0a7e24a8051b05ac7229c5
✓ Listing #7: Teren intravilan
Added new listing 520605ba70aa08f59c60cef0083239b2
✓ Listing #8: Teren Tomesti - Chicerea
Added new listing 28cb1b7e7953caa0a0b342bce82d838d
✓ Listing #9: Teren tomesti vale sat la 1 km de sosea langa drum asfaltat utilitati
Added new listing 1f292c6b55475d9abd9f13aef67e5104
✓ Listing #10: Parcele teren Tomesti deal-INTRAVILAN
Added new listing 0b233c02dae243f553dd38ae238feb61
✓ Listing #11: Vand teren Tomesti la strada principala cu toate utilitatile
Added new listing 0d56aee26934a35f1298304725f4a55e
✓ Listing #12: Loturi de teren 510mp, langa ASFALT,toate utilitatile,intrare Chicerea
Added new listing 5c068980c1d527062493c42be5fee694
✓ Listing #13: Loturi de teren 955mp, cu priveliste, la ASFALT, Tomesti-Chicerea
Added new listing 69ac926783e79ccb82debc1f90277ade
✓ Listing #14: Teren 1150mp, la ASFALT, toate utilitatile, Tomesti-Chicerea
Added new listing 6764bf8d005ab588bff7b3cf1e19419c
✓ Listing #15: Teren 400mp, langa strada principala Tomesti, toate utilitatile
Added new listing 505907de17d568dd75ca7f3c7baffcbc
✓ Listing #16: Teren 755 mp, intre case, cu toate utilitatile, Vladiceni (Tomesti)
Added new listing f23837a1f86ff74c1493c0a84b0b2dff
✓ Listing #17: Loturi de teren 510mp, langa ASFALT,toate utilitatile,intrare Chicerea
Added new listing 906ab3e6fef6742fecac0f478e287847
✓ Listing #18: Loturi de teren 1500mp, cu priveliste, la ASFALT, Tomesti-Chicerea
Added new listing b2272477e66fbaa00809870dcd129719
✓ Listing #19: Loturi de teren 955mp, cu priveliste, la ASFALT, Tomesti-Chicerea
Added new listing 74aaa4301e425257207f350a0139d2cd
✓ Listing #20: Teren 1150mp, la ASFALT, toate utilitatile, Tomesti-Chicerea
Added new listing 0812f12b90ec8c00f7cefdc18f4d0c2c
✓ Listing #21: Teren 400mp, langa strada principala Tomesti, toate utilitatile
Added new listing 2f4f05f4b001bb90232db4e3ee7d3c84
✓ Listing #22: Teren 755 mp, intre case, cu toate utilitatile, Vladiceni (Tomesti)
Added new listing 854fa863e59cf3cff7b85fab29bd234f
✓ Listing #23: Teren 750 mp, la ASFALT, toate utilitatile, Tomesti - Chicerea
Added new listing 18d5732f5cf83d139a01f5e3385cdb64
✓ Listing #24: Teren 450 mp, cu toate utilitatile, Tomesti
Added new listing 48885a535a4c4379663bc3f59540ab73
✓ Listing #25: Teren pentru casa
Added new listing cc94abcfa10210641a5998166dcb8ea5
✓ Listing #26: Teren 450 mp, cu toate utilitatile, Tomesti
Added new listing 11a257f061938506ebf61418184ae5c0
✓ Listing #27: Teren INTRAVILAN 1200mp, asfalt+toate utilitatile, Tomesti-Chicerea
Added new listing bb89242538b83a9c80bdd473832d5dfd
✓ Listing #28: Parcele de teren 500 mp, Tomesti, in spate la Primarie
Added new listing 36a6ee2aed807c7a941b906e43860597
✓ Listing #29: Teren de vanzare 451 mp Tomesti vale, toate utilitatile
Added new listing 9a1bf35740a9c8db090927d667544234
✓ Listing #30: Teren 500 mp, la ASFALT, toate utilitatile, Tomesti - Chicerea
Added new listing 1fc3a19d1406ccf0c6c7acd55744af1d
✓ Listing #31: Parcele de teren 500 mp, Tomesti, in spate la Primarie
Added new listing 73dc5fe19b3bdfd9a6457e74e3fc5730
✓ Listing #32: Teren de vanzare 451 mp Tomesti vale, toate utilitatile
Added new listing 2751eeb90fefd6b86510c2c36f0327c9
✓ Listing #33: Teren 500 mp, la ASFALT, toate utilitatile, Tomesti - Chicerea
Added new listing d39dc65e91dd0217e8fe61979f794352
✓ Listing #34: Teren intravilan Tomesti
Added new listing b37a979219ac558ec57ab4192bb05c56
✓ Listing #35: 31.000 eur Teren 986 mp TOMESTI-CHICEREA intravilan utilitati 3 loturi
Added new listing dc78af585b60f19a04fa71a173b4e03a
✓ Listing #36: Teren intravilan Tomesti
Added new listing 16084c68f4a38df4c40e47e8df076466
✓ Listing #37: Loturi teren intravilan,sat Goruni - com.Tomesti,de vanzare.

Summary:
Total listings found: 37
New or updated: 37
✓ Email sent successfully with 37 listings

Sent email with 37 new listings

=== Starting Storia Scraper ===
URL: https://www.storia.ro/ro/rezultate/vanzare/teren/iasi/tomesti/chicerea?ownerTypeSingleSelect=ALL&distanceRadius=5&priceMax=33000&viewType=listing&by=LATEST&direction=DESC
Added new listing 88e7066a825fb244d8509ab26685c428eae0776729c224701c8dca2b32d1c79e
Added new listing 88e7066a825fb244d8509ab26685c428eae0776729c224701c8dca2b32d1c79e
✓ Listing #1: Loturi teren intravilan,sat Goruni - com.Tomesti,de vanzare.
Added new listing 2b2e98cac8cf8fee03c9f45cc10a71826f9f8543764f8c49419963eb77a43448
Added new listing 2b2e98cac8cf8fee03c9f45cc10a71826f9f8543764f8c49419963eb77a43448
✓ Listing #2: teren 959 mp zona osoi la strada principala
Added new listing 980a2791ae817aeeff9ce3ede6d7913538c52c8e02fd4b62a2262dbe1d1a2595
Added new listing 980a2791ae817aeeff9ce3ede6d7913538c52c8e02fd4b62a2262dbe1d1a2595
✓ Listing #3: Tomesti, Primarie, teren intravilan, intabulat 11000 mp., cu utilitati
Added new listing d461ed9ef2f4fab6967d7cacf302a86e50ce864c179895f92a0a725600fc97c1
Added new listing d461ed9ef2f4fab6967d7cacf302a86e50ce864c179895f92a0a725600fc97c1
✓ Listing #4: Teren 5300 mp Intravilan in Goruni – Tomesti
Added new listing 76c12eeb7ffac9d85906e964415c89c677d6ae9b738819aa3f2a48879282af8a
Added new listing 76c12eeb7ffac9d85906e964415c89c677d6ae9b738819aa3f2a48879282af8a
✓ Listing #5: Teren intravilan 1131 mp, Tomesti iasi, 23 euro mp
Added new listing 31ffb4b38e19f8bcc5fe518ae2629bc999a6dc9527bdc14b3661ad15a82b8155
Added new listing 31ffb4b38e19f8bcc5fe518ae2629bc999a6dc9527bdc14b3661ad15a82b8155
✓ Listing #6: Teren Intravilan 1000 mp, utilitati apropiere,Chicerea,Tomesti,0% Comi
Added new listing 15936a8ec7e69804c5c615232c67b093af309fabacf986fb199c01e033936095
Added new listing 15936a8ec7e69804c5c615232c67b093af309fabacf986fb199c01e033936095
✓ Listing #7: Teren intravilan
Added new listing 4c6211f7a9cac5eb5a7cece039a6347b4d6a369606a0e163adaab5ecc3f15c0c
Added new listing 4c6211f7a9cac5eb5a7cece039a6347b4d6a369606a0e163adaab5ecc3f15c0c
✓ Listing #8: Teren Tomesti - Chicerea
Added new listing cbd383cafe91f7f4c616632e9a6670185cfab13d6a19ee247b23fa0e84b4c2ff
Added new listing cbd383cafe91f7f4c616632e9a6670185cfab13d6a19ee247b23fa0e84b4c2ff
✓ Listing #9: Teren tomesti vale sat la 1 km de sosea langa drum asfaltat utilitati
Added new listing f447ceb4c34766e36b2147b9542ee18eeff01b1c67231a9882827cc53248e467
Added new listing f447ceb4c34766e36b2147b9542ee18eeff01b1c67231a9882827cc53248e467
✓ Listing #10: Parcele teren Tomesti deal-INTRAVILAN
Added new listing 5424d2906897b38f11670f295e687b98f77cf435a91333c22de47037ac6587a0
Added new listing 5424d2906897b38f11670f295e687b98f77cf435a91333c22de47037ac6587a0
✓ Listing #11: Vand teren Tomesti la strada principala cu toate utilitatile
Added new listing 34f1f6f388f6f745a6a3e951cf93866474566275eeed690691ea761dcd4a75bf
Added new listing 34f1f6f388f6f745a6a3e951cf93866474566275eeed690691ea761dcd4a75bf
✓ Listing #12: Loturi de teren 510mp, langa ASFALT,toate utilitatile,intrare Chicerea
Added new listing 5ca96c79d3427b8af90c36324fd8689f4eeeae5510b1a08444566b0419e959b5
Added new listing 5ca96c79d3427b8af90c36324fd8689f4eeeae5510b1a08444566b0419e959b5
✓ Listing #13: Loturi de teren 955mp, cu priveliste, la ASFALT, Tomesti-Chicerea
Added new listing 80c2afa63bd1bfdd52750aa0c43f79cf94f2685193839172d3bac3591f96c959
Added new listing 80c2afa63bd1bfdd52750aa0c43f79cf94f2685193839172d3bac3591f96c959
✓ Listing #14: Teren 1150mp, la ASFALT, toate utilitatile, Tomesti-Chicerea
Added new listing ba232b541509f86bb20fcadc5df9f4d2b12d08fae6939f86b41a9f02156ebb86
Added new listing ba232b541509f86bb20fcadc5df9f4d2b12d08fae6939f86b41a9f02156ebb86
✓ Listing #15: Teren 400mp, langa strada principala Tomesti, toate utilitatile
Added new listing 636d9bc8f8decec3a2d37997377e8e811780a8dff05569a810d0dc70034e59f9
Added new listing 636d9bc8f8decec3a2d37997377e8e811780a8dff05569a810d0dc70034e59f9
✓ Listing #16: Teren 755 mp, intre case, cu toate utilitatile, Vladiceni (Tomesti)
Added new listing f19535f69d1b1b1357b8b77f18d3941880acd132d5fad08f75eaa85fe52d4b4a
Added new listing f19535f69d1b1b1357b8b77f18d3941880acd132d5fad08f75eaa85fe52d4b4a
✓ Listing #17: Loturi de teren 510mp, langa ASFALT,toate utilitatile,intrare Chicerea
Added new listing 95568d4f8673887ed2a8ec4482e2fa624ea926108a5d250688ed6c54b65d82d8
Added new listing 95568d4f8673887ed2a8ec4482e2fa624ea926108a5d250688ed6c54b65d82d8
✓ Listing #18: Loturi de teren 1500mp, cu priveliste, la ASFALT, Tomesti-Chicerea
Added new listing aa6d342793e9ecdf24826ed5300b00ae6aed89736682ba3f25dcfe54c7da7746
Added new listing aa6d342793e9ecdf24826ed5300b00ae6aed89736682ba3f25dcfe54c7da7746
✓ Listing #19: Loturi de teren 955mp, cu priveliste, la ASFALT, Tomesti-Chicerea
Added new listing 86afa1b4496cf488bd62c9e1d1da50e6e5382fc4682099d8f2b35b4c22d5e77b
Added new listing 86afa1b4496cf488bd62c9e1d1da50e6e5382fc4682099d8f2b35b4c22d5e77b
✓ Listing #20: Teren 1150mp, la ASFALT, toate utilitatile, Tomesti-Chicerea
Added new listing d77b017e2aab101be517bbedb02d8ce8119430b11c6c6e6626af5a85705de116
Added new listing d77b017e2aab101be517bbedb02d8ce8119430b11c6c6e6626af5a85705de116
✓ Listing #21: Teren 400mp, langa strada principala Tomesti, toate utilitatile
Added new listing 06648d27f41f1b632f52c5a0a7e09bfb43bede3abf1b1ea57361aca4448d2d5e
Added new listing 06648d27f41f1b632f52c5a0a7e09bfb43bede3abf1b1ea57361aca4448d2d5e
✓ Listing #22: Teren 755 mp, intre case, cu toate utilitatile, Vladiceni (Tomesti)
Added new listing f280c7346fb2cacdd3af1e925f53a935353e367a804722b92c98978d0fe82195
Added new listing f280c7346fb2cacdd3af1e925f53a935353e367a804722b92c98978d0fe82195
✓ Listing #23: Teren 750 mp, la ASFALT, toate utilitatile, Tomesti - Chicerea
Added new listing 0f0136ccd733e2feb05f8dc3551890864348d06667d549019e1a1d641fbc2da3
Added new listing 0f0136ccd733e2feb05f8dc3551890864348d06667d549019e1a1d641fbc2da3
✓ Listing #24: Teren 450 mp, cu toate utilitatile, Tomesti
Added new listing 7cd62dc6c294cdfb0b11cbec7637cc8f961651a34fcfbea2c7bf2962dec58793
Added new listing 7cd62dc6c294cdfb0b11cbec7637cc8f961651a34fcfbea2c7bf2962dec58793
✓ Listing #25: Teren pentru casa
Added new listing 97b5602e2d26996dc4f09a9693c87222c7b9820bee301a29b0f6a2cb5c861f0c
Added new listing 97b5602e2d26996dc4f09a9693c87222c7b9820bee301a29b0f6a2cb5c861f0c
✓ Listing #26: Teren 450 mp, cu toate utilitatile, Tomesti
Added new listing c670becbd3e056dae9f7335b664a7c1f3392595ec2e0a703483c1b21135481ba
Added new listing c670becbd3e056dae9f7335b664a7c1f3392595ec2e0a703483c1b21135481ba
✓ Listing #27: Teren INTRAVILAN 1200mp, asfalt+toate utilitatile, Tomesti-Chicerea
Added new listing ac70dcd01a3861d08c1e9aa8d96ca8f9c8dbe42454f34d9fc565fa8acc8c927b
Added new listing ac70dcd01a3861d08c1e9aa8d96ca8f9c8dbe42454f34d9fc565fa8acc8c927b
✓ Listing #28: Parcele de teren 500 mp, Tomesti, in spate la Primarie
Added new listing c7359272a0a99b878a61c557a89e2b5168cb7d21c12266d9a6de7257ee541285
Added new listing c7359272a0a99b878a61c557a89e2b5168cb7d21c12266d9a6de7257ee541285
✓ Listing #29: Teren de vanzare 451 mp Tomesti vale, toate utilitatile
Added new listing 6def451b2caac3afa8933bd3db37d06490fefcdabe862b8776bdeb3d5d91a133
Added new listing 6def451b2caac3afa8933bd3db37d06490fefcdabe862b8776bdeb3d5d91a133
✓ Listing #30: Teren 500 mp, la ASFALT, toate utilitatile, Tomesti - Chicerea
Added new listing 89fbac0f392193fa7f72baa0d6947fe4413a7e8c444255d4cd26e62ca12b43cc
Added new listing 89fbac0f392193fa7f72baa0d6947fe4413a7e8c444255d4cd26e62ca12b43cc
✓ Listing #31: Parcele de teren 500 mp, Tomesti, in spate la Primarie
Added new listing 066cac6dd3e54e2360857c60a26c6f1a26dd0ef0bb7be8a4c46ae56f8bb3e79d
Added new listing 066cac6dd3e54e2360857c60a26c6f1a26dd0ef0bb7be8a4c46ae56f8bb3e79d
✓ Listing #32: Teren de vanzare 451 mp Tomesti vale, toate utilitatile
Added new listing 33e504ecd2d272d4626718bce448a32eaae0ab562187af49192ccfd39da97aa9
Added new listing 33e504ecd2d272d4626718bce448a32eaae0ab562187af49192ccfd39da97aa9
✓ Listing #33: Teren 500 mp, la ASFALT, toate utilitatile, Tomesti - Chicerea
Added new listing 551297e306847e11782b975780cd46f614fc38d6bbb519d0741e03b655f0f601
Added new listing 551297e306847e11782b975780cd46f614fc38d6bbb519d0741e03b655f0f601
✓ Listing #34: Teren intravilan Tomesti
Added new listing 3c71f467b4e40cde2f97badc21d33d16cb40acf0fb4f75dccc4d500378596079
Added new listing 3c71f467b4e40cde2f97badc21d33d16cb40acf0fb4f75dccc4d500378596079
✓ Listing #35: 31.000 eur Teren 986 mp TOMESTI-CHICEREA intravilan utilitati 3 loturi
Added new listing aa93b9da1ed974bb479101171b60d2ae0ff0e3e7e54b9fb388dd371515dc94fe
Added new listing aa93b9da1ed974bb479101171b60d2ae0ff0e3e7e54b9fb388dd371515dc94fe
✓ Listing #36: Teren intravilan Tomesti
Added new listing faaabcd25d8b18189ff0e25ee6a4d87d42581b2958a4bca71e3190b97ca75f7a
Added new listing faaabcd25d8b18189ff0e25ee6a4d87d42581b2958a4bca71e3190b97ca75f7a
✓ Listing #37: Loturi teren intravilan,sat Goruni - com.Tomesti,de vanzare.

Summary:
Total listings found: 37
New or updated: 37
✓ Email sent successfully with 37 listings

Sent email with 37 new listings

=== Starting Storia Scraper ===
URL: https://www.storia.ro/ro/rezultate/vanzare/teren/iasi/tomesti/chicerea?ownerTypeSingleSelect=ALL&distanceRadius=5&priceMax=33000&viewType=listing&by=LATEST&direction=DESC
Added new listing 88e7066a825fb244d8509ab26685c428eae0776729c224701c8dca2b32d1c79e
✓ Listing #1: Loturi teren intravilan,sat Goruni - com.Tomesti,de vanzare.
Added new listing 2b2e98cac8cf8fee03c9f45cc10a71826f9f8543764f8c49419963eb77a43448
✓ Listing #2: teren 959 mp zona osoi la strada principala
Added new listing 980a2791ae817aeeff9ce3ede6d7913538c52c8e02fd4b62a2262dbe1d1a2595
✓ Listing #3: Tomesti, Primarie, teren intravilan, intabulat 11000 mp., cu utilitati
Added new listing d461ed9ef2f4fab6967d7cacf302a86e50ce864c179895f92a0a725600fc97c1
✓ Listing #4: Teren 5300 mp Intravilan in Goruni – Tomesti
Added new listing 76c12eeb7ffac9d85906e964415c89c677d6ae9b738819aa3f2a48879282af8a
✓ Listing #5: Teren intravilan 1131 mp, Tomesti iasi, 23 euro mp
Added new listing 31ffb4b38e19f8bcc5fe518ae2629bc999a6dc9527bdc14b3661ad15a82b8155
✓ Listing #6: Teren Intravilan 1000 mp, utilitati apropiere,Chicerea,Tomesti,0% Comi
Added new listing 15936a8ec7e69804c5c615232c67b093af309fabacf986fb199c01e033936095
✓ Listing #7: Teren intravilan
Added new listing 4c6211f7a9cac5eb5a7cece039a6347b4d6a369606a0e163adaab5ecc3f15c0c
✓ Listing #8: Teren Tomesti - Chicerea
Added new listing cbd383cafe91f7f4c616632e9a6670185cfab13d6a19ee247b23fa0e84b4c2ff
✓ Listing #9: Teren tomesti vale sat la 1 km de sosea langa drum asfaltat utilitati
Added new listing f447ceb4c34766e36b2147b9542ee18eeff01b1c67231a9882827cc53248e467
✓ Listing #10: Parcele teren Tomesti deal-INTRAVILAN
Added new listing 5424d2906897b38f11670f295e687b98f77cf435a91333c22de47037ac6587a0
✓ Listing #11: Vand teren Tomesti la strada principala cu toate utilitatile
Added new listing 34f1f6f388f6f745a6a3e951cf93866474566275eeed690691ea761dcd4a75bf
✓ Listing #12: Loturi de teren 510mp, langa ASFALT,toate utilitatile,intrare Chicerea
Added new listing 5ca96c79d3427b8af90c36324fd8689f4eeeae5510b1a08444566b0419e959b5
✓ Listing #13: Loturi de teren 955mp, cu priveliste, la ASFALT, Tomesti-Chicerea
Added new listing 80c2afa63bd1bfdd52750aa0c43f79cf94f2685193839172d3bac3591f96c959
✓ Listing #14: Teren 1150mp, la ASFALT, toate utilitatile, Tomesti-Chicerea
Added new listing ba232b541509f86bb20fcadc5df9f4d2b12d08fae6939f86b41a9f02156ebb86
✓ Listing #15: Teren 400mp, langa strada principala Tomesti, toate utilitatile
Added new listing 636d9bc8f8decec3a2d37997377e8e811780a8dff05569a810d0dc70034e59f9
✓ Listing #16: Teren 755 mp, intre case, cu toate utilitatile, Vladiceni (Tomesti)
Added new listing f19535f69d1b1b1357b8b77f18d3941880acd132d5fad08f75eaa85fe52d4b4a
✓ Listing #17: Loturi de teren 510mp, langa ASFALT,toate utilitatile,intrare Chicerea
Added new listing 95568d4f8673887ed2a8ec4482e2fa624ea926108a5d250688ed6c54b65d82d8
✓ Listing #18: Loturi de teren 1500mp, cu priveliste, la ASFALT, Tomesti-Chicerea
Added new listing aa6d342793e9ecdf24826ed5300b00ae6aed89736682ba3f25dcfe54c7da7746
✓ Listing #19: Loturi de teren 955mp, cu priveliste, la ASFALT, Tomesti-Chicerea
Added new listing 86afa1b4496cf488bd62c9e1d1da50e6e5382fc4682099d8f2b35b4c22d5e77b
✓ Listing #20: Teren 1150mp, la ASFALT, toate utilitatile, Tomesti-Chicerea
Added new listing d77b017e2aab101be517bbedb02d8ce8119430b11c6c6e6626af5a85705de116
✓ Listing #21: Teren 400mp, langa strada principala Tomesti, toate utilitatile
Added new listing 06648d27f41f1b632f52c5a0a7e09bfb43bede3abf1b1ea57361aca4448d2d5e
✓ Listing #22: Teren 755 mp, intre case, cu toate utilitatile, Vladiceni (Tomesti)
Added new listing f280c7346fb2cacdd3af1e925f53a935353e367a804722b92c98978d0fe82195
✓ Listing #23: Teren 750 mp, la ASFALT, toate utilitatile, Tomesti - Chicerea
Added new listing 0f0136ccd733e2feb05f8dc3551890864348d06667d549019e1a1d641fbc2da3
✓ Listing #24: Teren 450 mp, cu toate utilitatile, Tomesti
Added new listing 7cd62dc6c294cdfb0b11cbec7637cc8f961651a34fcfbea2c7bf2962dec58793
✓ Listing #25: Teren pentru casa
Added new listing 97b5602e2d26996dc4f09a9693c87222c7b9820bee301a29b0f6a2cb5c861f0c
✓ Listing #26: Teren 450 mp, cu toate utilitatile, Tomesti
Added new listing c670becbd3e056dae9f7335b664a7c1f3392595ec2e0a703483c1b21135481ba
✓ Listing #27: Teren INTRAVILAN 1200mp, asfalt+toate utilitatile, Tomesti-Chicerea
Added new listing ac70dcd01a3861d08c1e9aa8d96ca8f9c8dbe42454f34d9fc565fa8acc8c927b
✓ Listing #28: Parcele de teren 500 mp, Tomesti, in spate la Primarie
Added new listing c7359272a0a99b878a61c557a89e2b5168cb7d21c12266d9a6de7257ee541285
✓ Listing #29: Teren de vanzare 451 mp Tomesti vale, toate utilitatile
Added new listing 6def451b2caac3afa8933bd3db37d06490fefcdabe862b8776bdeb3d5d91a133
✓ Listing #30: Teren 500 mp, la ASFALT, toate utilitatile, Tomesti - Chicerea
Added new listing 89fbac0f392193fa7f72baa0d6947fe4413a7e8c444255d4cd26e62ca12b43cc
✓ Listing #31: Parcele de teren 500 mp, Tomesti, in spate la Primarie
Added new listing 066cac6dd3e54e2360857c60a26c6f1a26dd0ef0bb7be8a4c46ae56f8bb3e79d
✓ Listing #32: Teren de vanzare 451 mp Tomesti vale, toate utilitatile
Added new listing 33e504ecd2d272d4626718bce448a32eaae0ab562187af49192ccfd39da97aa9
✓ Listing #33: Teren 500 mp, la ASFALT, toate utilitatile, Tomesti - Chicerea
Added new listing 551297e306847e11782b975780cd46f614fc38d6bbb519d0741e03b655f0f601
✓ Listing #34: Teren intravilan Tomesti
Added new listing 3c71f467b4e40cde2f97badc21d33d16cb40acf0fb4f75dccc4d500378596079
✓ Listing #35: 31.000 eur Teren 986 mp TOMESTI-CHICEREA intravilan utilitati 3 loturi
Added new listing aa93b9da1ed974bb479101171b60d2ae0ff0e3e7e54b9fb388dd371515dc94fe
✓ Listing #36: Teren intravilan Tomesti
Added new listing faaabcd25d8b18189ff0e25ee6a4d87d42581b2958a4bca71e3190b97ca75f7a
✓ Listing #37: Loturi teren intravilan,sat Goruni - com.Tomesti,de vanzare.

Summary:
Total listings found: 37
New or updated: 37
✓ Email sent successfully with 37 listings

Sent email with 37 new listings

=== Starting Storia Scraper ===
URL: https://www.storia.ro/ro/rezultate/vanzare/teren/iasi/tomesti/chicerea?ownerTypeSingleSelect=ALL&distanceRadius=5&priceMax=33000&viewType=listing&by=LATEST&direction=DESC
Added new listing f19535f69d1b1b1357b8b77f18d3941880acd132d5fad08f75eaa85fe52d4b4a
✓ Listing #1: Loturi de teren 510mp, langa ASFALT,toate utilitatile,intrare Chicerea
Added new listing 95568d4f8673887ed2a8ec4482e2fa624ea926108a5d250688ed6c54b65d82d8
✓ Listing #2: Loturi de teren 1500mp, cu priveliste, la ASFALT, Tomesti-Chicerea
Added new listing aa6d342793e9ecdf24826ed5300b00ae6aed89736682ba3f25dcfe54c7da7746
✓ Listing #3: Loturi de teren 955mp, cu priveliste, la ASFALT, Tomesti-Chicerea
Added new listing 86afa1b4496cf488bd62c9e1d1da50e6e5382fc4682099d8f2b35b4c22d5e77b
✓ Listing #4: Teren 1150mp, la ASFALT, toate utilitatile, Tomesti-Chicerea
Added new listing d77b017e2aab101be517bbedb02d8ce8119430b11c6c6e6626af5a85705de116
✓ Listing #5: Teren 400mp, langa strada principala Tomesti, toate utilitatile
Added new listing 06648d27f41f1b632f52c5a0a7e09bfb43bede3abf1b1ea57361aca4448d2d5e
✓ Listing #6: Teren 755 mp, intre case, cu toate utilitatile, Vladiceni (Tomesti)
Added new listing f280c7346fb2cacdd3af1e925f53a935353e367a804722b92c98978d0fe82195
✓ Listing #7: Teren 750 mp, la ASFALT, toate utilitatile, Tomesti - Chicerea
Added new listing 0f0136ccd733e2feb05f8dc3551890864348d06667d549019e1a1d641fbc2da3
✓ Listing #8: Teren 450 mp, cu toate utilitatile, Tomesti
Added new listing 7cd62dc6c294cdfb0b11cbec7637cc8f961651a34fcfbea2c7bf2962dec58793
✓ Listing #9: Teren pentru casa
Added new listing 97b5602e2d26996dc4f09a9693c87222c7b9820bee301a29b0f6a2cb5c861f0c
✓ Listing #10: Teren 450 mp, cu toate utilitatile, Tomesti
Added new listing c670becbd3e056dae9f7335b664a7c1f3392595ec2e0a703483c1b21135481ba
✓ Listing #11: Teren INTRAVILAN 1200mp, asfalt+toate utilitatile, Tomesti-Chicerea
Added new listing ac70dcd01a3861d08c1e9aa8d96ca8f9c8dbe42454f34d9fc565fa8acc8c927b
✓ Listing #12: Parcele de teren 500 mp, Tomesti, in spate la Primarie
Added new listing c7359272a0a99b878a61c557a89e2b5168cb7d21c12266d9a6de7257ee541285
✓ Listing #13: Teren de vanzare 451 mp Tomesti vale, toate utilitatile
Added new listing 6def451b2caac3afa8933bd3db37d06490fefcdabe862b8776bdeb3d5d91a133
✓ Listing #14: Teren 500 mp, la ASFALT, toate utilitatile, Tomesti - Chicerea
Added new listing 89fbac0f392193fa7f72baa0d6947fe4413a7e8c444255d4cd26e62ca12b43cc
✓ Listing #15: Parcele de teren 500 mp, Tomesti, in spate la Primarie
Added new listing 066cac6dd3e54e2360857c60a26c6f1a26dd0ef0bb7be8a4c46ae56f8bb3e79d
✓ Listing #16: Teren de vanzare 451 mp Tomesti vale, toate utilitatile
Added new listing 33e504ecd2d272d4626718bce448a32eaae0ab562187af49192ccfd39da97aa9
✓ Listing #17: Teren 500 mp, la ASFALT, toate utilitatile, Tomesti - Chicerea
Added new listing 551297e306847e11782b975780cd46f614fc38d6bbb519d0741e03b655f0f601
✓ Listing #18: Teren intravilan Tomesti
Added new listing 3c71f467b4e40cde2f97badc21d33d16cb40acf0fb4f75dccc4d500378596079
✓ Listing #19: 31.000 eur Teren 986 mp TOMESTI-CHICEREA intravilan utilitati 3 loturi
Added new listing aa93b9da1ed974bb479101171b60d2ae0ff0e3e7e54b9fb388dd371515dc94fe
✓ Listing #20: Teren intravilan Tomesti
Added new listing faaabcd25d8b18189ff0e25ee6a4d87d42581b2958a4bca71e3190b97ca75f7a
✓ Listing #21: Loturi teren intravilan,sat Goruni - com.Tomesti,de vanzare.

Summary:
Total listings found: 37
New or updated: 21
✓ Email sent successfully with 21 listings

Sent email with 21 new listings
